<?xml version="1.0" encoding="UTF-8"?>
<!-- Generated by org.testng.reporters.JUnitReportReporter -->
<testsuite hostname="BHANU-LAPTOP" failures="0" tests="2" name="day32.Demo3" time="0.008" errors="0" timestamp="2022-07-12T09:01:27 IST" skipped="0">
  <testcase classname="day32.Demo3" name="createUser" time="0.001"/>
  <system-out>
    <![CDATA[----
Ravi
R123
r456
----]]>
  </system-out>
  <testcase classname="day32.Demo3" name="createUser" time="0.007"/>
  <system-out>
    <![CDATA[----
Bhanu
b123
----]]>
  </system-out>
</testsuite> <!-- day32.Demo3 -->
