<?xml version="1.0" encoding="UTF-8"?>
<!-- Generated by org.testng.reporters.JUnitReportReporter -->
<testsuite hostname="BHANU-LAPTOP" failures="0" tests="3" name="day31.Demo4" time="0.012" errors="0" timestamp="2022-07-11T08:55:49 IST" skipped="0">
  <testcase classname="day31.Demo4" name="createUser2" time="0.001"/>
  <system-out>
    <![CDATA[Create 1]]>
  </system-out>
  <testcase classname="day31.Demo4" name="createUser2" time="0.001"/>
  <system-out>
    <![CDATA[Create true]]>
  </system-out>
  <testcase classname="day31.Demo4" name="createUser2" time="0.010"/>
  <system-out>
    <![CDATA[Create Bhanu]]>
  </system-out>
</testsuite> <!-- day31.Demo4 -->
