<?xml version="1.0" encoding="UTF-8"?>
<!-- Generated by org.testng.reporters.JUnitReportReporter -->
<testsuite hostname="BHANU-LAPTOP" failures="0" tests="1" name="day33.Demo6" time="0.005" errors="0" timestamp="2022-07-13T08:38:25 IST" skipped="0">
  <testcase classname="day33.Demo6" name="createUser" time="0.005"/>
  <system-out>
    <![CDATA[createUser]]>
  </system-out>
</testsuite> <!-- day33.Demo6 -->
