<?xml version="1.0" encoding="UTF-8"?>
<!-- Generated by org.testng.reporters.JUnitReportReporter -->
<testsuite hostname="BHANU-LAPTOP" failures="0" tests="1" name="day35.Demo3" time="15.120" errors="0" timestamp="2022-07-15T09:00:26 IST" skipped="0">
  <testcase classname="day35.Demo3" name="testA" time="15.120"/>
  <system-out/>
</testsuite> <!-- day35.Demo3 -->
