<?xml version="1.0" encoding="UTF-8"?>
<!-- Generated by org.testng.reporters.JUnitReportReporter -->
<testsuite hostname="BHANU-LAPTOP" failures="0" tests="3" name="day33.Demo4" time="0.017" errors="0" timestamp="2022-07-13T08:16:17 IST" skipped="0">
  <testcase classname="day33.Demo4" name="createUser" time="0.003"/>
  <system-out>
    <![CDATA[createUser]]>
  </system-out>
  <testcase classname="day33.Demo4" name="deleteUser" time="0.008"/>
  <system-out>
    <![CDATA[deleteUser]]>
  </system-out>
  <testcase classname="day33.Demo4" name="createUser" time="0.006"/>
  <system-out>
    <![CDATA[createUser]]>
  </system-out>
</testsuite> <!-- day33.Demo4 -->
