<?xml version="1.0" encoding="UTF-8"?>
<!-- Generated by org.testng.reporters.JUnitReportReporter -->
<testsuite hostname="BHANU-LAPTOP" failures="0" tests="2" name="day36.Demo1" time="70.198" errors="0" timestamp="2022-07-18T07:51:33 IST" skipped="0">
  <testcase classname="day36.Demo1" name="testA" time="33.298"/>
  <system-out>
    <![CDATA[Browser is:chrome]]>
  </system-out>
  <testcase classname="day36.Demo1" name="testA" time="36.900"/>
  <system-out>
    <![CDATA[Browser is:firefox]]>
  </system-out>
</testsuite> <!-- day36.Demo1 -->
