<?xml version="1.0" encoding="UTF-8"?>
<!-- Generated by org.testng.reporters.JUnitReportReporter -->
<testsuite hostname="BHANU-LAPTOP" failures="0" tests="3" name="day31.Demo3" time="0.022" errors="0" timestamp="2022-07-11T08:36:04 IST" skipped="0">
  <testcase classname="day31.Demo3" name="createUser" time="0.002"/>
  <system-out>
    <![CDATA[Create UserA]]>
  </system-out>
  <testcase classname="day31.Demo3" name="createUser" time="0.001"/>
  <system-out>
    <![CDATA[Create UserA]]>
  </system-out>
  <testcase classname="day31.Demo3" name="createUser" time="0.019"/>
  <system-out>
    <![CDATA[Create UserA]]>
  </system-out>
</testsuite> <!-- day31.Demo3 -->
