<?xml version="1.0" encoding="UTF-8"?>
<!-- Generated by org.testng.reporters.JUnitReportReporter -->
<testsuite hostname="BHANU-LAPTOP" failures="0" tests="4" name="day32.Demo1" time="0.012" errors="0" timestamp="2022-07-12T07:54:09 IST" skipped="0">
  <testcase classname="day32.Demo1" name="createUser" time="0.001"/>
  <system-out>
    <![CDATA[Create Bhumi]]>
  </system-out>
  <testcase classname="day32.Demo1" name="createUser" time="0.007"/>
  <system-out>
    <![CDATA[Create Bhanu]]>
  </system-out>
  <testcase classname="day32.Demo1" name="createUser" time="0.002"/>
  <system-out>
    <![CDATA[Create Chandra]]>
  </system-out>
  <testcase classname="day32.Demo1" name="createUser" time="0.002"/>
  <system-out>
    <![CDATA[Create Ravi]]>
  </system-out>
</testsuite> <!-- day32.Demo1 -->
