<?xml version="1.0" encoding="UTF-8"?>
<!-- Generated by org.testng.reporters.JUnitReportReporter -->
<testsuite hostname="BHANU-LAPTOP" failures="0" tests="4" name="day31.Demo2" time="0.018" errors="0" timestamp="2022-07-11T08:24:13 IST" skipped="0">
  <testcase classname="day31.Demo2" name="registerUser" time="0.015"/>
  <system-out>
    <![CDATA[Register User]]>
  </system-out>
  <testcase classname="day31.Demo2" name="editUser" time="0.001"/>
  <system-out>
    <![CDATA[Edit User]]>
  </system-out>
  <testcase classname="day31.Demo2" name="updateUser" time="0.001"/>
  <system-out>
    <![CDATA[Update User]]>
  </system-out>
  <testcase classname="day31.Demo2" name="deleteUser" time="0.001"/>
  <system-out>
    <![CDATA[Delete User]]>
  </system-out>
</testsuite> <!-- day31.Demo2 -->
