<?xml version="1.0" encoding="UTF-8"?>
<!-- Generated by org.testng.reporters.JUnitReportReporter -->
<testsuite hostname="BHANU-LAPTOP" failures="0" tests="1" name="day35.Demo2" time="11.928" errors="0" timestamp="2022-07-15T08:38:49 IST" skipped="0">
  <testcase classname="day35.Demo2" name="testA" time="11.928"/>
  <system-out/>
</testsuite> <!-- day35.Demo2 -->
