<?xml version="1.0" encoding="UTF-8"?>
<!-- Generated by org.testng.reporters.JUnitReportReporter -->
<testsuite hostname="BHANU-LAPTOP" failures="0" tests="2" name="day35.Demo1" time="65.274" errors="0" timestamp="2022-07-15T08:07:29 IST" skipped="0">
  <testcase classname="day35.Demo1" name="testA" time="33.498"/>
  <system-out>
    <![CDATA[Browser is:firefox]]>
  </system-out>
  <testcase classname="day35.Demo1" name="testA" time="31.776"/>
  <system-out>
    <![CDATA[Browser is:chrome]]>
  </system-out>
</testsuite> <!-- day35.Demo1 -->
