<?xml version="1.0" encoding="UTF-8"?>
<!-- Generated by org.testng.reporters.JUnitReportReporter -->
<testsuite hostname="BHANU-LAPTOP" failures="0" tests="1" name="day33.Demo5" time="0.007" errors="0" timestamp="2022-07-13T08:26:30 IST" skipped="0">
  <testcase classname="day33.Demo5" name="createUser" time="0.007"/>
  <system-out>
    <![CDATA[createUser]]>
  </system-out>
</testsuite> <!-- day33.Demo5 -->
