<?xml version="1.0" encoding="UTF-8"?>
<!-- Generated by org.testng.reporters.JUnitReportReporter -->
<testsuite hostname="BHANU-LAPTOP" failures="0" tests="1" name="day35.Demo4" time="5.317" errors="0" timestamp="2022-07-18T11:47:01 IST" skipped="0">
  <testcase classname="day35.Demo4" name="testA" time="5.317"/>
  <system-out/>
</testsuite> <!-- day35.Demo4 -->
