<?xml version="1.0" encoding="UTF-8"?>
<!-- Generated by org.testng.reporters.JUnitReportReporter -->
<testsuite hostname="BHANU-LAPTOP" failures="0" tests="1" name="day33.Demo1" time="0.009" errors="0" timestamp="2022-07-14T07:42:56 IST" skipped="0">
  <testcase classname="day33.Demo1" name="testA" time="0.009"/>
  <system-out>
    <![CDATA[testA]]>
  </system-out>
</testsuite> <!-- day33.Demo1 -->
