<?xml version="1.0" encoding="UTF-8"?>
<!-- Generated by org.testng.reporters.JUnitReportReporter -->
<testsuite hostname="BHANU-LAPTOP" failures="0" tests="1" name="day34.Demo6" time="0.016" errors="0" timestamp="2022-07-14T09:06:24 IST" skipped="0">
  <testcase classname="day34.Demo6" name="testA" time="0.016"/>
  <system-out>
    <![CDATA[
Delhi]]>
  </system-out>
</testsuite> <!-- day34.Demo6 -->
