<?xml version="1.0" encoding="UTF-8"?>
<!-- Generated by org.testng.reporters.JUnitReportReporter -->
<testsuite hostname="BHANU-LAPTOP" failures="0" tests="1" name="day33.Demo3" time="0.001" errors="0" timestamp="2022-07-13T07:52:12 IST" skipped="0">
  <testcase classname="day33.Demo3" name="testC" time="0.001"/>
  <system-out>
    <![CDATA[testC]]>
  </system-out>
</testsuite> <!-- day33.Demo3 -->
