<?xml version="1.0" encoding="UTF-8"?>
<!-- Generated by org.testng.reporters.JUnitReportReporter -->
<testsuite hostname="BHANU-LAPTOP" failures="0" tests="4" name="day45.Demo1" time="0.016" errors="0" timestamp="2022-07-29T08:55:04 IST" skipped="1">
  <testcase classname="day45.Demo1" name="createProduct" time="0.004"/>
  <system-out>
    <![CDATA[create Product]]>
  </system-out>
  <testcase classname="day45.Demo1" name="createUser" time="0.007"/>
  <system-out>
    <![CDATA[create user]]>
  </system-out>
  <testcase classname="day45.Demo1" name="createCustomer" time="0.005"/>
  <system-out>
    <![CDATA[create Customer]]>
  </system-out>
  <testcase classname="day45.Demo1" name="deleteCustomer">
    <skipped/>
  </testcase> <!-- deleteCustomer -->
  <system-out/>
</testsuite> <!-- day45.Demo1 -->
